./programaTrab
Resultado para a busca 1
byteoffset: 96
byteoffset: 342
byteoffset: 414
byteoffset: 655
byteoffset: 889
byteoffset: 1041
byteoffset: 1195
byteoffset: 1311
byteoffset: 1537
byteoffset: 1605
byteoffset: 1777
byteoffset: 1974
byteoffset: 2296
byteoffset: 2423
byteoffset: 2491
byteoffset: 2734
byteoffset: 2802
byteoffset: 2874
byteoffset: 2963
byteoffset: 3131
byteoffset: 3269
byteoffset: 3337
byteoffset: 3380
byteoffset: 3452
byteoffset: 3594
byteoffset: 3662
byteoffset: 3730
byteoffset: 3799
byteoffset: 3945
byteoffset: 4066
byteoffset: 4204
byteoffset: 4389
byteoffset: 4527
byteoffset: 4666
byteoffset: 4734
byteoffset: 4815
byteoffset: 4988
byteoffset: 5056
byteoffset: 5128
byteoffset: 5197
byteoffset: 5338
byteoffset: 5406
byteoffset: 5553
byteoffset: 6056
byteoffset: 6196
byteoffset: 6268
byteoffset: 6336
byteoffset: 6379
byteoffset: 6699
byteoffset: 6903
byteoffset: 7047
byteoffset: 7277
byteoffset: 7540
byteoffset: 7608
byteoffset: 7676
byteoffset: 7889
byteoffset: 8024
byteoffset: 8092
byteoffset: 8225
byteoffset: 8293
byteoffset: 8386
byteoffset: 8607
byteoffset: 8747
byteoffset: 8819
byteoffset: 8862
byteoffset: 8930
byteoffset: 8998
byteoffset: 9114
byteoffset: 9182
byteoffset: 9250
byteoffset: 9448
byteoffset: 9657
byteoffset: 9725
byteoffset: 9793
byteoffset: 9917
byteoffset: 9985
byteoffset: 10124
byteoffset: 10285
byteoffset: 10862
byteoffset: 11114
byteoffset: 11183
byteoffset: 11318
byteoffset: 11496
byteoffset: 11641
byteoffset: 11713
byteoffset: 11785
byteoffset: 11853
byteoffset: 12133
byteoffset: 12176
byteoffset: 12257
byteoffset: 12325
byteoffset: 12393
byteoffset: 12536
byteoffset: 12729
byteoffset: 12898
byteoffset: 13069
byteoffset: 13137
byteoffset: 13355
byteoffset: 13423
byteoffset: 13529
byteoffset: 13601
byteoffset: 13800
byteoffset: 13931
byteoffset: 14000
byteoffset: 14068
byteoffset: 14210
byteoffset: 14278
byteoffset: 14503
byteoffset: 14572
byteoffset: 14834
byteoffset: 15232
byteoffset: 15440
byteoffset: 15578
byteoffset: 15680
byteoffset: 15748
byteoffset: 15880
byteoffset: 15948
byteoffset: 16081
byteoffset: 16149
byteoffset: 16230
byteoffset: 16366
byteoffset: 16434
byteoffset: 16573
byteoffset: 16707
byteoffset: 16788
byteoffset: 16860
byteoffset: 16928
byteoffset: 16996
byteoffset: 17064
byteoffset: 17132
byteoffset: 17200
byteoffset: 17334
byteoffset: 17424
byteoffset: 17671
byteoffset: 17851
byteoffset: 17923
byteoffset: 17966
byteoffset: 18034
byteoffset: 18115
byteoffset: 18256
byteoffset: 18574
byteoffset: 18696
byteoffset: 18764
byteoffset: 18924
byteoffset: 18992
byteoffset: 19141
byteoffset: 19213
byteoffset: 19256
byteoffset: 19324
byteoffset: 19396
byteoffset: 19465
byteoffset: 19508
byteoffset: 19580
byteoffset: 19648
byteoffset: 19793
byteoffset: 20022
byteoffset: 20166
byteoffset: 20532
byteoffset: 20638
byteoffset: 20852
byteoffset: 21050
byteoffset: 21122
byteoffset: 21310
byteoffset: 21378
byteoffset: 21450
byteoffset: 21522
byteoffset: 21590
byteoffset: 21724
byteoffset: 22050
byteoffset: 22122
byteoffset: 22190
byteoffset: 22259
byteoffset: 22327
byteoffset: 22395
byteoffset: 22519
byteoffset: 22562
byteoffset: 22761
byteoffset: 22829
byteoffset: 22964
byteoffset: 23032
byteoffset: 23075
byteoffset: 23144
byteoffset: 23212
byteoffset: 23401
byteoffset: 23469
byteoffset: 23512
byteoffset: 23615
byteoffset: 23683
byteoffset: 23760
byteoffset: 23828
byteoffset: 23896
byteoffset: 23964
byteoffset: 24395
byteoffset: 24601
byteoffset: 24669
byteoffset: 24741
byteoffset: 24809
byteoffset: 24890
byteoffset: 24958
byteoffset: 25468
byteoffset: 25537
byteoffset: 25605
byteoffset: 25759
byteoffset: 25827
byteoffset: 26219
byteoffset: 26356
byteoffset: 26424
byteoffset: 26493
byteoffset: 26574
byteoffset: 26642
byteoffset: 26710
byteoffset: 26973
byteoffset: 27111
byteoffset: 27240
byteoffset: 27376
byteoffset: 27444
byteoffset: 27516
byteoffset: 27584
byteoffset: 27793
byteoffset: 28441
byteoffset: 28513
byteoffset: 28556
byteoffset: 28701
byteoffset: 28769
byteoffset: 28837
byteoffset: 28981
byteoffset: 29117
byteoffset: 29177
byteoffset: 29387
byteoffset: 29624
byteoffset: 29799
byteoffset: 29937
byteoffset: 30005
byteoffset: 30148
byteoffset: 30216
byteoffset: 30567
byteoffset: 30710
byteoffset: 30822
byteoffset: 30937
byteoffset: 31033
byteoffset: 31076
byteoffset: 31302
byteoffset: 31370
byteoffset: 31438
byteoffset: 31544
byteoffset: 31612
byteoffset: 31747
byteoffset: 31815
byteoffset: 32111
byteoffset: 32179
byteoffset: 32247
byteoffset: 32455
byteoffset: 32737
byteoffset: 32871
byteoffset: 33075
byteoffset: 33482
byteoffset: 33692
byteoffset: 33760
byteoffset: 33847
byteoffset: 33987
byteoffset: 34223
byteoffset: 34295
byteoffset: 34338
byteoffset: 34447
byteoffset: 34517
byteoffset: 34885
byteoffset: 34978
byteoffset: 35120
byteoffset: 35192
byteoffset: 35330
byteoffset: 35480
byteoffset: 35653
byteoffset: 35761
byteoffset: 35963
byteoffset: 36166
byteoffset: 36465
byteoffset: 36537
byteoffset: 36639
byteoffset: 36711
byteoffset: 36813
byteoffset: 37065
byteoffset: 37203
byteoffset: 37271
byteoffset: 37364
byteoffset: 37474
byteoffset: 37542
byteoffset: 37610
byteoffset: 37682
byteoffset: 37750
byteoffset: 37818
byteoffset: 37957
byteoffset: 38025
byteoffset: 38097
byteoffset: 38165
byteoffset: 38359
byteoffset: 38533
byteoffset: 38886
byteoffset: 39026
byteoffset: 39260
byteoffset: 39387
byteoffset: 39456
byteoffset: 39524
byteoffset: 39596
byteoffset: 39664
byteoffset: 39732
byteoffset: 39869
byteoffset: 40144
byteoffset: 40212
byteoffset: 40280
byteoffset: 40348
byteoffset: 40416
byteoffset: 40484
byteoffset: 40586
byteoffset: 40792
byteoffset: 40866
byteoffset: 40909
byteoffset: 40978
byteoffset: 41291
byteoffset: 41429
byteoffset: 41472
byteoffset: 41565
byteoffset: 41633
byteoffset: 41735
byteoffset: 42018
byteoffset: 42432
byteoffset: 42525
byteoffset: 42903
byteoffset: 42946
byteoffset: 43036
byteoffset: 43104
byteoffset: 43194
byteoffset: 43284
byteoffset: 43420
byteoffset: 43602
byteoffset: 43734
byteoffset: 43902
byteoffset: 44203
byteoffset: 44413
byteoffset: 44690
byteoffset: 44762
byteoffset: 44805
byteoffset: 44898
byteoffset: 44970
byteoffset: 45121
byteoffset: 45214
byteoffset: 45376
byteoffset: 45667
byteoffset: 46037
byteoffset: 46080
byteoffset: 46224
byteoffset: 46292
byteoffset: 46441
byteoffset: 46574
byteoffset: 46617
byteoffset: 46660
byteoffset: 46799
byteoffset: 46937
byteoffset: 47083
byteoffset: 47151
byteoffset: 47219
byteoffset: 47321
byteoffset: 47527
byteoffset: 48017
byteoffset: 48085
byteoffset: 48223
byteoffset: 48371
byteoffset: 48439
byteoffset: 48507
byteoffset: 48588
byteoffset: 48769
byteoffset: 48906
byteoffset: 49110
byteoffset: 49225
byteoffset: 49438
byteoffset: 49510
byteoffset: 49578
byteoffset: 49706
byteoffset: 49774
byteoffset: 49929
byteoffset: 49997
byteoffset: 50081
byteoffset: 50141
byteoffset: 50213
byteoffset: 50281
byteoffset: 50349
byteoffset: 50417
byteoffset: 50552
byteoffset: 50620
byteoffset: 50688
byteoffset: 50934
byteoffset: 51002
byteoffset: 51104
byteoffset: 51172
byteoffset: 51240
byteoffset: 51308
byteoffset: 51578
byteoffset: 51680
byteoffset: 51909
byteoffset: 51977
byteoffset: 52114
byteoffset: 52230
byteoffset: 52298
byteoffset: 52443
byteoffset: 52486
byteoffset: 52815
byteoffset: 52954
byteoffset: 53104
byteoffset: 53172
byteoffset: 53373
byteoffset: 53605
byteoffset: 53741
byteoffset: 53809
byteoffset: 53983
byteoffset: 54135
byteoffset: 54246
byteoffset: 54318
byteoffset: 54386
byteoffset: 54745
byteoffset: 54788
byteoffset: 54926
byteoffset: 54994
byteoffset: 55206
byteoffset: 55296
byteoffset: 55365
byteoffset: 55437
byteoffset: 55539
byteoffset: 55901
byteoffset: 56145
byteoffset: 56263
byteoffset: 56331
byteoffset: 56478
byteoffset: 56615
byteoffset: 56687
byteoffset: 56804
byteoffset: 56872
byteoffset: 56940
byteoffset: 57008
byteoffset: 57425
byteoffset: 57552
byteoffset: 57620
byteoffset: 57819
byteoffset: 57887
byteoffset: 58032
byteoffset: 58104
byteoffset: 58172
byteoffset: 58317
byteoffset: 58385
byteoffset: 58605
byteoffset: 58921
byteoffset: 58993
byteoffset: 59168
byteoffset: 59506
byteoffset: 59574
byteoffset: 59744
byteoffset: 59812
byteoffset: 59884
byteoffset: 59952
byteoffset: 60020
byteoffset: 60088
byteoffset: 60296
byteoffset: 60486
byteoffset: 60558
byteoffset: 60627
byteoffset: 60782
byteoffset: 60850
byteoffset: 60984
byteoffset: 61052
byteoffset: 61120
byteoffset: 61256
byteoffset: 61324
byteoffset: 61533
byteoffset: 61601
byteoffset: 61822
byteoffset: 62056
byteoffset: 62125
byteoffset: 62227
byteoffset: 62317
byteoffset: 62385
byteoffset: 62516
byteoffset: 62618
byteoffset: 62708
byteoffset: 62776
byteoffset: 62922
byteoffset: 63241
byteoffset: 63284
byteoffset: 63423
byteoffset: 63562
byteoffset: 63634
byteoffset: 63702
byteoffset: 63770
byteoffset: 63838
byteoffset: 64043
byteoffset: 64111
byteoffset: 64180
byteoffset: 64252
byteoffset: 64324
byteoffset: 64592
byteoffset: 64635
byteoffset: 64750
byteoffset: 65188
byteoffset: 65340
byteoffset: 65408
byteoffset: 65914
byteoffset: 66058
byteoffset: 66126
byteoffset: 66265
byteoffset: 66337
byteoffset: 66405
byteoffset: 66473
byteoffset: 66625
byteoffset: 66693
byteoffset: 66863
byteoffset: 66931
byteoffset: 67066
byteoffset: 67199
byteoffset: 67479
byteoffset: 67556
byteoffset: 67624
byteoffset: 67861
byteoffset: 67963
byteoffset: 68031
byteoffset: 68099
byteoffset: 68167
byteoffset: 68294
byteoffset: 68499
byteoffset: 68771
byteoffset: 68839
byteoffset: 68908
byteoffset: 68977
byteoffset: 69045
byteoffset: 69113
byteoffset: 69364
byteoffset: 69466
byteoffset: 69538
byteoffset: 69606
byteoffset: 69674
byteoffset: 69901
byteoffset: 70092
byteoffset: 70176
byteoffset: 70262
byteoffset: 70355
byteoffset: 70720
byteoffset: 70924
byteoffset: 71057
byteoffset: 71129
byteoffset: 71332
byteoffset: 71400
byteoffset: 71601
byteoffset: 71809
byteoffset: 72159
byteoffset: 72414
byteoffset: 72482
byteoffset: 72550
byteoffset: 72685
byteoffset: 72824
byteoffset: 72892
byteoffset: 72960
byteoffset: 73028
byteoffset: 73155
byteoffset: 73223
byteoffset: 73291
byteoffset: 73515
byteoffset: 73657
byteoffset: 73804
byteoffset: 73906
byteoffset: 73996
byteoffset: 74176
byteoffset: 74491
byteoffset: 74568
byteoffset: 74708
byteoffset: 74844
byteoffset: 74984
byteoffset: 75175
byteoffset: 75418
byteoffset: 75524
byteoffset: 75626
byteoffset: 75669
byteoffset: 75817
byteoffset: 75885
byteoffset: 75953
byteoffset: 76243
byteoffset: 76286
byteoffset: 76382
byteoffset: 76518
byteoffset: 76561
byteoffset: 76629
byteoffset: 76762
byteoffset: 76830
byteoffset: 76968
byteoffset: 77104
byteoffset: 77176
byteoffset: 77311
byteoffset: 77379
byteoffset: 77472
byteoffset: 77540
byteoffset: 77608
byteoffset: 77676
byteoffset: 77779
byteoffset: 77982
byteoffset: 78131
byteoffset: 78846
byteoffset: 78985
byteoffset: 79028
byteoffset: 79096
byteoffset: 79300
byteoffset: 79372
byteoffset: 79509
byteoffset: 79611
byteoffset: 79679
byteoffset: 79751
byteoffset: 80066
byteoffset: 80287
byteoffset: 80356
byteoffset: 80428
byteoffset: 80496
byteoffset: 80698
byteoffset: 80835
byteoffset: 81069
byteoffset: 81563
byteoffset: 81665
byteoffset: 81840
byteoffset: 81908
byteoffset: 82117
byteoffset: 82367
byteoffset: 82469
byteoffset: 82537
byteoffset: 82605
byteoffset: 82707
byteoffset: 82797
byteoffset: 82865
byteoffset: 82971
byteoffset: 83040
byteoffset: 83127
byteoffset: 83196
byteoffset: 83335
byteoffset: 83403
byteoffset: 83471
byteoffset: 83540
byteoffset: 83608
byteoffset: 83676
byteoffset: 83922
byteoffset: 84069
byteoffset: 84205
byteoffset: 84451
byteoffset: 84585
byteoffset: 84860
byteoffset: 84941
byteoffset: 85106
byteoffset: 85178
byteoffset: 85523
byteoffset: 85904
byteoffset: 85972
byteoffset: 86040
byteoffset: 86306
byteoffset: 86378
byteoffset: 86446
byteoffset: 86581
byteoffset: 86790
byteoffset: 86991
byteoffset: 87236
byteoffset: 87304
byteoffset: 87513
byteoffset: 87581
byteoffset: 87649
byteoffset: 87784
byteoffset: 88010
byteoffset: 88285
byteoffset: 88420
byteoffset: 88492
byteoffset: 88786
byteoffset: 88854
byteoffset: 88960
byteoffset: 89039
byteoffset: 89154
byteoffset: 89289
byteoffset: 89428
byteoffset: 89571
byteoffset: 89673
byteoffset: 89741
byteoffset: 89966
byteoffset: 90047
byteoffset: 90115
byteoffset: 90318
byteoffset: 90505
byteoffset: 90632
byteoffset: 90772
byteoffset: 90882
byteoffset: 90954
byteoffset: 91263
byteoffset: 91306
byteoffset: 91374
byteoffset: 91597
byteoffset: 91683
byteoffset: 91752
byteoffset: 91820
byteoffset: 91888
byteoffset: 92145
byteoffset: 92213
byteoffset: 92294
byteoffset: 92362
byteoffset: 92430
byteoffset: 92578
byteoffset: 92650
byteoffset: 92718
byteoffset: 92761
byteoffset: 92829
byteoffset: 93013
byteoffset: 93115
byteoffset: 93205
byteoffset: 93381
byteoffset: 93450
byteoffset: 93518
byteoffset: 93949
byteoffset: 94148
byteoffset: 94216
byteoffset: 94367
byteoffset: 94504
byteoffset: 94576
byteoffset: 94713
byteoffset: 94781
byteoffset: 94849
byteoffset: 95119
byteoffset: 95297
byteoffset: 95365
byteoffset: 95467
byteoffset: 95548
byteoffset: 95821
byteoffset: 95961
byteoffset: 96029
byteoffset: 96182
byteoffset: 96250
byteoffset: 96649
byteoffset: 96718
byteoffset: 97050
byteoffset: 97247
byteoffset: 97398
byteoffset: 97511
byteoffset: 97601
byteoffset: 97888
byteoffset: 98507
byteoffset: 98609
byteoffset: 98757
byteoffset: 98825
byteoffset: 98996
byteoffset: 99132
byteoffset: 99204
byteoffset: 99645
byteoffset: 99719
byteoffset: 99966
byteoffset: 100119
byteoffset: 100301
byteoffset: 100382
byteoffset: 100450
byteoffset: 100522
byteoffset: 100826
byteoffset: 100953
byteoffset: 101021
byteoffset: 101158
byteoffset: 101230
byteoffset: 101298
byteoffset: 101499
byteoffset: 101684
byteoffset: 101752
byteoffset: 101854
byteoffset: 101926
Resultado para a busca 2
byteoffset: 2593
545, 31/01/2019, 171, SANTO ANDRE, ESTELIONATO (ART. 171), NULO
byteoffset: 90632
Resultado para a busca 3
Registro inexistente.
Resultado para a busca 4
Registro inexistente.
Resultado para a busca 5
byteoffset: 247
1298, 29/11/2021, 155, SAO CAETANO DO SUL, FURTO (ART. 155) - INTERIOR ESTABELECIMENTO, SAMSUNG
byteoffset: 727
4, 16/11/2018, 155, SOROCABA, FURTO (ART. 155) - OUTROS, SAMSUNG
byteoffset: 961
1414, 03/01/2021, 157, SAO BERNARDO DO CAMPO, ROUBO (ART. 157) - OUTROS, SAMSUNG
byteoffset: 1379
862, 01/01/2020, 157, DIADEMA, ROUBO (ART. 157) - TRANSEUNTE, SAMSUNG
byteoffset: 1449
599, 31/08/2019, 157, CARAPICUIBA, ROUBO (ART. 157) - INTERIOR ESTABELECIMENTO, SAMSUNG
byteoffset: 1605
byteoffset: 1648
1520, 28/02/2021, 157, JUNDIAI, ROUBO (ART. 157) - TRANSEUNTE, SAMSUNG
byteoffset: 1718
691, 31/08/2019, NULO, NULO, ROUBO (ART. 157) - OUTROS, SAMSUNG
byteoffset: 1845
50, 30/11/2018, 155, NULO, FURTO (ART. 155) - OUTROS, SAMSUNG
byteoffset: 1974
byteoffset: 2077
966, 31/08/2020, 155, FRANCO DA ROCHA, FURTO (ART. 155) - OUTROS, SAMSUNG
byteoffset: 2226
1513, 03/01/2021, 157, SANTO ANDRE, ROUBO (ART. 157) - OUTROS, SAMSUNG
byteoffset: 2364
689, 09/01/2019, NULO, NULO, ROUBO (ART. 157) - OUTROS, SAMSUNG
byteoffset: 2491
byteoffset: 2734
byteoffset: 2963
byteoffset: 3199
603, 31/08/2019, 157, SANTO ANDRE, ROUBO (ART. 157) - OUTROS, SAMSUNG
byteoffset: 3380
byteoffset: 3452
byteoffset: 3520
894, 31/12/2019, 157, SANTO ANDRE, ROUBO (ART. 157) - TRANSEUNTE, SAMSUNG
byteoffset: 3799
byteoffset: 3988
1499, 28/02/2021, 157, PINDAMONHANGABA, ROUBO (ART. 157) - TRANSEUNTE, SAMSUNG
byteoffset: 4066
byteoffset: 4247
85, 29/11/2018, 155, TATUI, NULO, SAMSUNG
byteoffset: 4457
584, 30/08/2019, 157, SANTO ANDRE, ROUBO (ART. 157) - OUTROS, SAMSUNG
byteoffset: 4734
byteoffset: 4925
698, 31/08/2019, NULO, NULO, ROUBO (ART. 157) - TRANSEUNTE, SAMSUNG
byteoffset: 4988
byteoffset: 5269
534, 28/01/2019, 155, COSMOPOLIS, FURTO (ART. 155) - OUTROS, SAMSUNG
byteoffset: 5338
byteoffset: 5474
643, 31/08/2019, 157, SAO CRUZ DO RIO PARDO, ROUBO (ART. 157) - CARGA, SAMSUNG
byteoffset: 5621
65, 25/11/2018, 155, NULO, FURTO QUALIFICADO (ART. 155) - INTERIOR DE VEICULO, SAMSUNG
byteoffset: 5782
343, 30/04/2018, 157, DIADEMA, ROUBO (ART. 157) - INTERIOR DE VEICULO, SAMSUNG
byteoffset: 5942
76, 30/11/2018, 155, NULO, NULO, SAMSUNG
byteoffset: 6196
byteoffset: 6268
byteoffset: 6336
byteoffset: 6379
byteoffset: 6771
555, 31/01/2019, 155, SAO BERNARDO DO CAMPO, FURTO (ART. 155) - INTERIOR ESTABELECIMENTO, SAMSUNG
byteoffset: 7047
byteoffset: 7349
309, 04/01/2018, 157, SAO BERNARDO DO CAMPO, NULO, SAMSUNG
byteoffset: 7404
493, 30/01/2019, 155, MOCOCA, FURTO (ART. 155) - RESIDENCIA, SAMSUNG
byteoffset: 7473
616, 30/08/2019, 157, VALINHOS, ROUBO (ART. 157) - OUTROS, SAMSUNG
byteoffset: 7540
byteoffset: 7608
byteoffset: 7815
375, 05/01/2018, 157, HORTOLANDIA, ROUBO (ART. 157) - TRANSEUNTE, SAMSUNG
byteoffset: 7957
1049, 09/01/2020, 155, MIRASSOL, FURTO (ART. 155) - OUTROS, SAMSUNG
byteoffset: 8225
byteoffset: 8470
1163, 28/11/2021, 155, BARRETOS, FURTO (ART. 155) - OUTROS, SAMSUNG
byteoffset: 8747
byteoffset: 8819
byteoffset: 9066
284, 30/04/2018, 157, RIBEIRAO PRETO, NULO, SAMSUNG
byteoffset: 9114
byteoffset: 9182
byteoffset: 9448
byteoffset: 9516
919, 01/01/2020, 157, RIBEIRAO PRETO, ROUBO (ART. 157) - VEICULO, SAMSUNG
byteoffset: 9917
byteoffset: 10124
byteoffset: 10167
1335, 26/11/2021, NULO, NULO, NULO, SAMSUNG
byteoffset: 10425
1115, 08/12/2020, 155, PRAIA GRANDE, FURTO (ART. 155) - TRANSEUNTE, SAMSUNG
byteoffset: 10662
1180, 29/11/2021, 155, CACAPAVA, FURTO (ART. 155) - OUTROS, SAMSUNG
byteoffset: 10862
byteoffset: 10930
88, 30/11/2018, 155, SAO JOSE DOS CAMPOS, NULO, SAMSUNG
byteoffset: 11607
1476, 26/02/2021, 157, NULO, NULO, SAMSUNG
byteoffset: 11641
byteoffset: 11921
1336, 12/01/2021, NULO, NULO, NULO, SAMSUNG
byteoffset: 11955
575, 31/01/2019, 155, GUARULHOS, FURTO QUALIFICADO (ART. 155) - INTERIOR ESTABELECIMENTO, SAMSUNG
byteoffset: 12053
1028, 31/08/2020, 155, SAO BERNARDO DO CAMPO, FURTO (ART. 155) - OUTROS, SAMSUNG
byteoffset: 12461
872, 22/12/2019, 157, FRANCISCO MORATO, ROUBO (ART. 157) - OUTROS, SAMSUNG
byteoffset: 12729
byteoffset: 12772
552, 30/01/2019, 155, SOROCABA, FURTO (ART. 155) - OUTROS, SAMSUNG
byteoffset: 12966
77, 30/11/2018, 155, NULO, NULO, SAMSUNG
byteoffset: 13601
byteoffset: 13872
44, 30/11/2018, 155, NULO, FURTO (ART. 155) - OUTROS, SAMSUNG
byteoffset: 13931
byteoffset: 14140
12, 30/11/2018, 157, PIRAJUI, ROUBO (ART. 157) - TRANSEUNTE, SAMSUNG
byteoffset: 14438
330, 05/01/2018, 157, SANTOS, ROUBO (ART. 157) - OUTROS, SAMSUNG
byteoffset: 14902
1044, 22/08/2020, 155, CAMPINAS, FURTO (ART. 155) - OUTROS, SAMSUNG
byteoffset: 14969
757, 31/08/2019, 157, SAO PEDRO, ROUBO (ART. 157) - RESIDENCIA, SAMSUNG
byteoffset: 15304
965, 28/08/2020, 155, DIADEMA, FURTO (ART. 155) - OUTROS, SAMSUNG
byteoffset: 15370
1075, 09/01/2020, 155, SAO VICENTE, FURTO (ART. 155) - OUTROS, SAMSUNG
byteoffset: 16016
27, 30/11/2018, 155, OSASCO, FURTO (ART. 155) - OUTROS, SAMSUNG
byteoffset: 16230
byteoffset: 16366
byteoffset: 16573
byteoffset: 16641
415, 31/01/2019, 155, JANDIRA, FURTO (ART. 155) - OUTROS, SAMSUNG
byteoffset: 17132
byteoffset: 17268
810, 31/12/2019, 157, DIADEMA, ROUBO (ART. 157) - OUTROS, SAMSUNG
byteoffset: 17587
697, 31/08/2019, NULO, NULO, ROUBO (ART. 157) - APLICATIVO DE MOBILIDADE URBANA, SAMSUNG
byteoffset: 17923
byteoffset: 18034
byteoffset: 18328
947, 01/01/2020, 157, GUARUJA, ROUBO (ART. 157) - OUTROS, SAMSUNG
byteoffset: 18394
892, 01/01/2020, 157, ITATIBA, ROUBO (ART. 157) - TRANSEUNTE, SAMSUNG
byteoffset: 18617
1062, 31/08/2020, 155, SOROCABA, FURTO QUALIFICADO (ART. 155) - OUTROS, SAMSUNG
byteoffset: 18696
byteoffset: 18992
byteoffset: 19060
1130, 23/06/2020, 155, PONTAL, FURTO QUALIFICADO (ART. 155) - TRANSEUNTE, SAMSUNG
byteoffset: 19580
byteoffset: 19648
byteoffset: 20022
byteoffset: 20166
byteoffset: 20458
1077, 09/01/2020, 155, HORTOLANDIA, FURTO (ART. 155) - TRANSEUNTE, SAMSUNG
byteoffset: 20706
820, 01/01/2020, 157, UBATUBA, ROUBO (ART. 157) - TRANSEUNTE, SAMSUNG
byteoffset: 20852
byteoffset: 21007
108, 30/11/2018, 155, ARACATUBA, NULO, SAMSUNG
byteoffset: 21050
byteoffset: 21122
byteoffset: 21190
585, 28/08/2019, 157, SOROCABA, ROUBO (ART. 157) - OUTROS, SAMSUNG
byteoffset: 21310
byteoffset: 21378
byteoffset: 22050
byteoffset: 22190
byteoffset: 22605
699, 31/08/2019, NULO, NULO, ROUBO (ART. 157) - OUTROS, SAMSUNG
byteoffset: 22829
byteoffset: 22964
byteoffset: 23075
byteoffset: 23321
568, 26/01/2019, 155, SAO BERNARDO DO CAMPO, FURTO (ART. 155) - OUTROS, SAMSUNG
byteoffset: 23512
byteoffset: 23828
byteoffset: 23896
byteoffset: 24601
byteoffset: 24809
byteoffset: 25030
49, 30/11/2018, 155, NULO, FURTO (ART. 155) - OUTROS, SAMSUNG
byteoffset: 25605
byteoffset: 25827
byteoffset: 25895
657, 09/01/2019, 157, SUZANO, ROUBO (ART. 157) - TRANSEUNTE, SAMSUNG
byteoffset: 25964
1260, 30/11/2021, 155, SAO JOSE DOS CAMPOS, FURTO (ART. 155) - OUTROS, SAMSUNG
byteoffset: 26109
244, 28/04/2018, 157, SAO SEBASTIAO, ROUBO (ART. 157) - TRANSEUNTE, SAMSUNG
byteoffset: 26642
byteoffset: 26778
360, 29/04/2018, 157, GUARULHOS, ROUBO (ART. 157) - INTERIOR DE VEICULO, SAMSUNG
byteoffset: 26859
250, 30/04/2018, 157, FERRAZ DE VASCONCELOS, NULO, SAMSUNG
byteoffset: 26973
byteoffset: 27376
byteoffset: 27444
byteoffset: 27584
byteoffset: 27653
513, 31/01/2019, 155, RIOLANDIA, FURTO (ART. 155) - OUTROS, SAMSUNG
byteoffset: 27721
530, 19/01/2019, 155, GUARULHOS, FURTO (ART. 155) - RESIDENCIA, SAMSUNG
byteoffset: 28441
byteoffset: 28513
byteoffset: 28556
byteoffset: 28701
byteoffset: 29220
1348, 29/11/2021, 155, CAMPINAS, FURTO (ART. 155) - OUTROS, SAMSUNG
byteoffset: 29287
1063, 09/01/2020, 155, BIRIGUI, FURTO (ART. 155) - OUTROS, SAMSUNG
byteoffset: 29387
byteoffset: 30284
1174, 29/11/2021, 155, BOITUVA, FURTO (ART. 155) - OUTROS, SAMSUNG
byteoffset: 30350
899, 31/12/2019, 157, GUARULHOS, ROUBO (ART. 157) - TRANSEUNTE, SAMSUNG
byteoffset: 30822
byteoffset: 30937
byteoffset: 31144
1401, 28/02/2021, 157, SUZANO, ROUBO (ART. 157) - OUTROS, SAMSUNG
byteoffset: 31370
byteoffset: 31612
byteoffset: 31680
34, 30/11/2018, 155, CAMPINAS, FURTO (ART. 155) - OUTROS, SAMSUNG
byteoffset: 31747
byteoffset: 31883
856, 01/01/2020, 157, MONGAGUA, ROUBO (ART. 157) - TRANSEUNTE, SAMSUNG
byteoffset: 31954
1131, 21/08/2020, 155, SOROCABA, FURTO (ART. 155) - OUTROS, SAMSUNG
byteoffset: 32315
373, 30/04/2018, 157, PIRACICABA, ROUBO (ART. 157) - VEICULO, SAMSUNG
byteoffset: 32385
801, 31/12/2019, 157, TAUBATE, ROUBO (ART. 157) - TRANSEUNTE, SAMSUNG
byteoffset: 32455
byteoffset: 33008
906, 01/01/2020, 157, ITANHAEM, ROUBO (ART. 157) - OUTROS, SAMSUNG
byteoffset: 33075
byteoffset: 33143
1432, 28/02/2020, 157, TABOAO DA SERRA, ROUBO (ART. 157) - OUTROS, SAMSUNG
byteoffset: 33287
1053, 09/01/2020, 155, PEDREIRA, FURTO (ART. 155) - OUTROS, SAMSUNG
byteoffset: 33354
672, 09/01/2019, NULO, NULO, ROUBO (ART. 157) - TRANSEUNTE, SAMSUNG
byteoffset: 33417
201, 30/04/2018, NULO, OSASCO, ROUBO (ART. 157) - OUTROS, SAMSUNG
byteoffset: 33482
byteoffset: 33550
1328, 27/11/2021, NULO, NULO, NULO, SAMSUNG
byteoffset: 33915
357, 30/04/2018, 157, ARACARIGUAMA, ROUBO (ART. 157) - VEICULO, SAMSUNG
byteoffset: 34406
292, 05/01/2018, 157, DIADEMA, NULO, SAMSUNG
byteoffset: 34665
354, 30/04/2018, 157, ARACARIGUAMA, ROUBO (ART. 157) - CARGA, SAMSUNG
byteoffset: 34735
359, 29/04/2018, 157, TAUBATE, ROUBO (ART. 157) - ESTABELECIMENTO COMERCIAL, SAMSUNG
byteoffset: 34885
byteoffset: 35046
752, 31/08/2019, 157, CARAPICUIBA, ROUBO (ART. 157) - TRANSEUNTE, SAMSUNG
byteoffset: 35192
byteoffset: 35260
14, 30/11/2018, 157, PIRAJUI, ROUBO (ART. 157) - TRANSEUNTE, SAMSUNG
byteoffset: 35330
byteoffset: 35398
1508, 26/02/2021, 157, SAO JOSE DOS CAMPOS, ROUBO (ART. 157) - TRANSEUNTE, SAMSUNG
byteoffset: 35548
380, 31/01/2019, 155, SAO JOSE DO RIO PRETO, FURTO QUALIFICADO (ART. 155) - INTERIOR DE VEICULO, SAMSUNG
byteoffset: 35653
byteoffset: 36031
543, 02/01/2019, 155, BARRINHA, FURTO (ART. 155) - RESIDENCIA, SAMSUNG
byteoffset: 36102
1123, 31/08/2020, 155, NIPOA, FURTO (ART. 155) - OUTROS, SAMSUNG
byteoffset: 36166
byteoffset: 36314
567, 26/01/2019, 155, ILHABELA, FURTO (ART. 155) - OUTROS, SAMSUNG
byteoffset: 36381
1150, 31/08/2020, 155, BARUERI, FURTO (ART. 155) - INTERIOR ESTABELECIMENTO, SAMSUNG
byteoffset: 36537
byteoffset: 36605
1340, 30/11/2021, NULO, NULO, NULO, SAMSUNG
byteoffset: 36711
byteoffset: 37065
byteoffset: 37203
byteoffset: 37364
byteoffset: 37610
byteoffset: 37750
byteoffset: 38097
byteoffset: 38208
341, 05/01/2018, 157, SOROCABA, ROUBO (ART. 157) - TRANSEUNTE, SAMSUNG
byteoffset: 38461
917, 01/01/2020, 157, CARAGUATATUBA, ROUBO (ART. 157) - OUTROS, SAMSUNG
byteoffset: 38533
byteoffset: 38601
764, 09/01/2019, 157, GUARULHOS, ROUBO (ART. 157) - TRANSEUNTE, SAMSUNG
byteoffset: 38886
byteoffset: 39524
byteoffset: 39937
1407, 28/02/2021, 157, DIADEMA, ROUBO (ART. 157) - VEICULO, SAMSUNG
byteoffset: 40144
byteoffset: 40280
byteoffset: 40416
byteoffset: 40792
byteoffset: 40866
byteoffset: 41291
byteoffset: 41359
476, 31/01/2019, 155, SANTO ANDRE, FURTO (ART. 155) - OUTROS, SAMSUNG
byteoffset: 41565
byteoffset: 41735
byteoffset: 41878
945, 01/01/2020, 157, SANTO ANDRE, ROUBO (ART. 157) - OUTROS, SAMSUNG
byteoffset: 41948
589, 31/08/2019, 157, GUARUJA, ROUBO (ART. 157) - TRANSEUNTE, SAMSUNG
byteoffset: 42105
1057, 28/08/2020, 155, PERUIBE, FURTO (ART. 155) - INTERIOR DE VEICULO, SAMSUNG
byteoffset: 42317
664, 31/08/2019, 157, HORTOLANDIA, ROUBO (ART. 157) - VEICULO, SAMSUNG
byteoffset: 42388
112, 29/11/2018, 155, PIRACICABA, NULO, SAMSUNG
byteoffset: 42432
byteoffset: 42662
61, 12/01/2018, 155, NULO, FURTO QUALIFICADO (ART. 155) - ESTABELECIMENTO COMERCIAL, SAMSUNG
byteoffset: 42830
625, 30/08/2019, 157, EMBU DAS ARTES, ROUBO (ART. 157) - OUTROS, SAMSUNG
byteoffset: 42946
byteoffset: 43104
byteoffset: 43194
byteoffset: 43284
byteoffset: 43463
35, 30/11/2018, 155, CAIEIRAS, FURTO (ART. 155) - OUTROS, SAMSUNG
byteoffset: 43530
750, 09/01/2019, 157, RIO CLARO, ROUBO (ART. 157) - RESIDENCIA, SAMSUNG
byteoffset: 43602
byteoffset: 43734
byteoffset: 43902
byteoffset: 44071
877, 31/12/2019, 157, SUZANO, ROUBO (ART. 157) - VEICULO, SAMSUNG
byteoffset: 44137
1398, 03/01/2021, 157, JUNDIAI, ROUBO (ART. 157) - OUTROS, SAMSUNG
byteoffset: 44275
353, 30/04/2018, 157, ARACARIGUAMA, ROUBO (ART. 157) - CARGA, SAMSUNG
byteoffset: 44527
991, 31/08/2020, 155, GUARULHOS, FURTO (ART. 155) - OUTROS, SAMSUNG
byteoffset: 44805
byteoffset: 44898
byteoffset: 45054
1394, 28/02/2021, 157, CAMPINAS, ROUBO (ART. 157) - OUTROS, SAMSUNG
byteoffset: 45121
byteoffset: 45214
byteoffset: 45257
1172, 30/11/2021, 155, TABOAO DA SERRA, FURTO (ART. 155) - OUTROS, SAMSUNG
byteoffset: 45331
92, 30/11/2018, 155, AVANHANDAVA, NULO, SAMSUNG
byteoffset: 45967
813, 01/01/2020, 157, UBATUBA, ROUBO (ART. 157) - TRANSEUNTE, SAMSUNG
byteoffset: 46037
byteoffset: 46080
byteoffset: 46224
byteoffset: 46574
byteoffset: 46728
533, 31/01/2019, 155, BERTIOGA, FURTO (ART. 155) - TRANSEUNTE, SAMSUNG
byteoffset: 46867
10, 30/11/2018, 155, PIRAJUI, FURTO (ART. 155) - TRANSEUNTE, SAMSUNG
byteoffset: 46937
byteoffset: 47287
1324, 30/11/2021, NULO, NULO, NULO, SAMSUNG
byteoffset: 47731
937, 31/12/2019, 157, MONGAGUA, ROUBO (ART. 157) - OUTROS, SAMSUNG
byteoffset: 47798
815, 31/12/2019, 157, SANTO ANDRE, ROUBO (ART. 157) - OUTROS, SAMSUNG
byteoffset: 48085
byteoffset: 48223
byteoffset: 48371
byteoffset: 48588
byteoffset: 48660
277, 05/01/2018, 157, SOROCABA, NULO, SAMSUNG
byteoffset: 48841
1251, 30/11/2021, 155, OSASCO, FURTO (ART. 155) - OUTROS, SAMSUNG
byteoffset: 49225
byteoffset: 49438
byteoffset: 49929
byteoffset: 50213
byteoffset: 50349
byteoffset: 50552
byteoffset: 50620
byteoffset: 51104
byteoffset: 51389
558, 02/01/2019, 155, SAO JOAO DA BOA VISTA, FURTO QUALIFICADO (ART. 155) - RESIDENCIA, SAMSUNG
byteoffset: 51578
byteoffset: 51909
byteoffset: 52443
byteoffset: 52486
byteoffset: 52622
1316, 12/01/2021, NULO, NULO, NULO, SAMSUNG
byteoffset: 52690
310, 05/01/2018, 157, TABOAO DA SERRA, NULO, SAMSUNG
byteoffset: 52883
890, 01/01/2020, 157, MONGAGUA, ROUBO (ART. 157) - TRANSEUNTE, SAMSUNG
byteoffset: 53244
692, 31/08/2019, NULO, NULO, ROUBO (ART. 157) - VEICULO, SAMSUNG
byteoffset: 53441
1519, 03/01/2021, 157, SAO JOSE DOS CAMPOS, ROUBO (ART. 157) - TRANSEUNTE, SAMSUNG
byteoffset: 53809
byteoffset: 54318
byteoffset: 54386
byteoffset: 54454
680, 09/01/2019, NULO, NULO, ROUBO (ART. 157) - INTERIOR DE VEICULO, SAMSUNG
byteoffset: 54609
217, 30/04/2018, NULO, MAUA, ROUBO (ART. 157) - TRANSEUNTE, SAMSUNG
byteoffset: 54676
938, 31/12/2019, 157, GUARULHOS, ROUBO (ART. 157) - VEICULO, SAMSUNG
byteoffset: 54745
byteoffset: 54788
byteoffset: 55365
byteoffset: 55901
byteoffset: 56145
byteoffset: 56331
byteoffset: 56550
1515, 25/02/2021, 157, SUZANO, ROUBO (ART. 157) - OUTROS, SAMSUNG
byteoffset: 56615
byteoffset: 57272
1001, 30/08/2020, 155, PRAIA GRANDE, FURTO (ART. 155) - OUTROS, SAMSUNG
byteoffset: 57425
byteoffset: 57819
byteoffset: 58032
byteoffset: 58104
byteoffset: 58317
byteoffset: 58605
byteoffset: 58743
1142, 09/01/2020, 155, SAO VICENTE, FURTO (ART. 155) - TRANSEUNTE, SAMSUNG
byteoffset: 58851
546, 31/01/2019, 155, SANTO ANDRE, FURTO (ART. 155) - OUTROS, SAMSUNG
byteoffset: 58921
byteoffset: 59061
1526, 03/01/2021, 157, RIBEIRAO PRETO, ROUBO (ART. 157) - OUTROS, SAMSUNG
byteoffset: 59134
1481, 28/02/2021, 157, NULO, NULO, SAMSUNG
byteoffset: 59434
356, 30/04/2018, 157, ARACARIGUAMA, ROUBO (ART. 157) - VEICULO, SAMSUNG
byteoffset: 59506
byteoffset: 60088
byteoffset: 60157
1284, 30/11/2021, 155, SAO BERNARDO DO CAMPO, FURTO (ART. 155) - OUTROS, SAMSUNG
byteoffset: 60296
byteoffset: 60364
826, 01/01/2020, 157, CAMPINAS, ROUBO (ART. 157) - VEICULO, SAMSUNG
byteoffset: 60558
byteoffset: 60782
byteoffset: 61052
byteoffset: 61256
byteoffset: 61467
1425, 28/02/2021, 157, BARUERI, ROUBO (ART. 157) - OUTROS, SAMSUNG
byteoffset: 61661
213, 28/04/2018, NULO, ITAQUAQUECETUBA, ROUBO (ART. 157) - INTERIOR DE VEICULO, SAMSUNG
byteoffset: 61908
1399, 03/01/2021, 157, SAO VICENTE, ROUBO (ART. 157) - OUTROS, SAMSUNG
byteoffset: 61978
1087, 31/08/2020, 155, FRANCO DA ROCHA, FURTO (ART. 155) - RESIDENCIA, SAMSUNG
byteoffset: 62125
byteoffset: 62227
byteoffset: 62385
byteoffset: 62453
880, 31/12/2019, 157, POA, ROUBO (ART. 157) - VEICULO, SAMSUNG
byteoffset: 62618
byteoffset: 62776
byteoffset: 62844
203, 27/04/2018, NULO, TABOAO DA SERRA, ROUBO (ART. 157) - TRANSEUNTE, SAMSUNG
byteoffset: 63094
366, 30/04/2018, 157, OSASCO, ROUBO (ART. 157) - TRANSEUNTE, SAMSUNG
byteoffset: 63241
byteoffset: 63284
byteoffset: 63491
1379, 24/02/2021, 157, CAMPINAS, ROUBO (ART. 157) - TRANSEUNTE, SAMSUNG
byteoffset: 64111
byteoffset: 64180
byteoffset: 64324
byteoffset: 64592
byteoffset: 64635
byteoffset: 64678
1395, 28/02/2021, 157, GUARULHOS, ROUBO (ART. 157) - TRANSEUNTE, SAMSUNG
byteoffset: 64822
1285, 29/11/2021, 155, ITAQUAQUECETUBA, FURTO (ART. 155) - OUTROS, SAMSUNG
byteoffset: 64896
690, 31/08/2019, NULO, NULO, ROUBO (ART. 157) - OUTROS, SAMSUNG
byteoffset: 64955
562, 02/01/2019, 155, CATANDUVA, FURTO (ART. 155) - ESTABELECIMENTO-OUTROS, SAMSUNG
byteoffset: 65107
579, 31/08/2019, 157, SAO BERNARDO DO CAMPO, ROUBO (ART. 157) - VEICULO, SAMSUNG
byteoffset: 65340
byteoffset: 65549
559, 01/01/2019, 155, GUARACI, FURTO (ART. 155) - TRANSEUNTE, SAMSUNG
byteoffset: 65914
byteoffset: 66058
byteoffset: 66405
byteoffset: 66693
byteoffset: 66761
406, 25/01/2019, 155, GUARULHOS, FURTO (ART. 155) - OUTROS, SAMSUNG
byteoffset: 66829
1331, 29/11/2021, NULO, NULO, NULO, SAMSUNG
byteoffset: 66931
byteoffset: 67199
byteoffset: 67280
695, 31/08/2019, NULO, NULO, ROUBO (ART. 157) - OUTROS, SAMSUNG
byteoffset: 67339
529, 02/01/2019, 155, GUARUJA, FURTO (ART. 155) - OUTROS, SAMSUNG
byteoffset: 67405
1302, 30/11/2021, 155, TAQUARITUBA, FURTO (ART. 155) - RESIDENCIA, SAMSUNG
byteoffset: 67479
byteoffset: 67522
1333, 12/01/2021, NULO, NULO, NULO, SAMSUNG
byteoffset: 67624
byteoffset: 68031
byteoffset: 68099
byteoffset: 68362
686, 09/01/2019, NULO, NULO, ROUBO (ART. 157) - TRANSEUNTE, SAMSUNG
byteoffset: 68425
1430, 28/02/2021, 157, SERTAOZINHO, ROUBO (ART. 157) - TRANSEUNTE, SAMSUNG
byteoffset: 68839
byteoffset: 69538
byteoffset: 69606
byteoffset: 69674
byteoffset: 69742
411, 28/01/2019, 155, SAO CRUZ DO RIO PARDO, FURTO (ART. 155) - OUTROS, SAMSUNG
byteoffset: 69901
byteoffset: 70219
87, 11/12/2018, 155, GUARULHOS, NULO, SAMSUNG
byteoffset: 70355
byteoffset: 70423
188, 30/11/2018, NULO, CRUZEIRO, FURTO QUALIFICADO (ART. 155) - TRANSEUNTE, SAMSUNG
byteoffset: 70506
551, 21/01/2019, 155, DRACENA, FURTO (ART. 155) - RESIDENCIA, SAMSUNG
byteoffset: 70635
363, 30/04/2018, 157, CAMPINAS, ROUBO (ART. 157) - INTERIOR ESTABELECIMENTO, SAMSUNG
byteoffset: 70720
byteoffset: 70992
1178, 30/11/2021, 155, SUZANO, FURTO (ART. 155) - OUTROS, SAMSUNG
byteoffset: 71332
byteoffset: 71536
467, 31/01/2019, 155, SANTOS, FURTO (ART. 155) - OUTROS, SAMSUNG
byteoffset: 71601
byteoffset: 71809
byteoffset: 71926
1332, 30/11/2021, NULO, NULO, NULO, SAMSUNG
byteoffset: 72092
1224, 30/11/2021, 155, CAMPINAS, FURTO (ART. 155) - OUTROS, SAMSUNG
byteoffset: 72618
941, 30/12/2019, 157, MAUA, ROUBO (ART. 157) - TRANSEUNTE, SAMSUNG
byteoffset: 72960
byteoffset: 73096
51, 30/11/2018, 155, NULO, FURTO (ART. 155) - OUTROS, SAMSUNG
byteoffset: 73223
byteoffset: 73291
byteoffset: 73657
byteoffset: 73725
1004, 31/08/2020, 155, FRANCISCO MORATO, FURTO (ART. 155) - TRANSEUNTE, SAMSUNG
byteoffset: 73804
byteoffset: 74142
67, 30/11/2018, 155, NULO, NULO, SAMSUNG
byteoffset: 74176
byteoffset: 74491
byteoffset: 74636
700, 09/01/2019, NULO, NULO, ROUBO (ART. 157) - INTERIOR DE VEICULO, SAMSUNG
byteoffset: 75102
1076, 29/08/2020, 155, RIBEIRAO PRETO, FURTO (ART. 155) - OUTROS, SAMSUNG
byteoffset: 75359
48, 29/11/2018, 155, NULO, FURTO (ART. 155) - OUTROS, SAMSUNG
byteoffset: 75524
byteoffset: 75737
16, 30/11/2018, 155, SAO BERNARDO DO CAMPO, FURTO (ART. 155) - OUTROS, SAMSUNG
byteoffset: 75953
byteoffset: 76021
940, 01/01/2020, 157, PRAIA GRANDE, ROUBO (ART. 157) - OUTROS, SAMSUNG
byteoffset: 76286
byteoffset: 76561
byteoffset: 76629
byteoffset: 76697
583, 30/08/2019, 157, OSASCO, ROUBO (ART. 157) - OUTROS, SAMSUNG
byteoffset: 76830
byteoffset: 76898
1051, 08/01/2020, 155, ATIBAIA, FURTO (ART. 155) - TRANSEUNTE, SAMSUNG
byteoffset: 77104
byteoffset: 77608
byteoffset: 77745
72, 12/01/2018, 155, NULO, NULO, SAMSUNG
byteoffset: 77851
391, 31/01/2019, 155, SUMARE, FURTO (ART. 155) - OUTROS, SAMSUNG
byteoffset: 78600
1427, 28/02/2021, 157, SAO JOSE DOS CAMPOS, ROUBO (ART. 157) - TRANSEUNTE, SAMSUNG
byteoffset: 78915
352, 30/04/2018, 157, ARACARIGUAMA, ROUBO (ART. 157) - CARGA, SAMSUNG
byteoffset: 78985
byteoffset: 79232
591, 09/01/2019, 157, CAMPINAS, ROUBO (ART. 157) - VEICULO, SAMSUNG
byteoffset: 79300
byteoffset: 79372
byteoffset: 79509
byteoffset: 79611
byteoffset: 79751
byteoffset: 79823
52, 30/11/2018, 155, NULO, FURTO (ART. 155) - OUTROS, SAMSUNG
byteoffset: 79882
760, 31/08/2019, 157, VINHEDO, ROUBO (ART. 157) - TRANSEUNTE, SAMSUNG
byteoffset: 80287
byteoffset: 80698
byteoffset: 81409
997, 29/08/2020, 155, MOGI DAS CRUZES, FURTO (ART. 155) - OUTROS, SAMSUNG
byteoffset: 81733
1190, 28/11/2021, 155, ITAPEVI, FURTO (ART. 155) - OUTROS, SAMSUNG
byteoffset: 81799
97, 28/11/2018, 155, JUNDIAI, NULO, SAMSUNG
byteoffset: 81908
byteoffset: 81976
746, 31/08/2019, 157, GUARATINGUETA, ROUBO (ART. 157) - TRANSEUNTE, SAMSUNG
byteoffset: 82185
471, 31/01/2019, 155, SANTO ANDRE, FURTO QUALIFICADO (ART. 155) - INTERIOR TRANSPORTE COLETIVO, SAMSUNG
byteoffset: 82289
315, 05/01/2018, 157, TABOAO DA SERRA, ROUBO (ART. 157) - TRANSEUNTE, SAMSUNG
byteoffset: 82367
byteoffset: 82469
byteoffset: 82673
1338, 12/01/2021, NULO, NULO, NULO, SAMSUNG
byteoffset: 82707
byteoffset: 82797
byteoffset: 82971
byteoffset: 83196
byteoffset: 83268
1154, 23/10/2021, 155, CAMPINAS, FURTO (ART. 155) - OUTROS, SAMSUNG
byteoffset: 83403
byteoffset: 83471
byteoffset: 83540
byteoffset: 83744
30, 29/11/2018, 155, OSASCO, FURTO (ART. 155) - OUTROS, SAMSUNG
byteoffset: 83809
753, 09/01/2019, 157, FRANCISCO MORATO, ROUBO (ART. 157) - TRANSEUNTE, SAMSUNG
byteoffset: 84069
byteoffset: 84205
byteoffset: 84378
1388, 28/02/2021, 157, RIBEIRAO PRETO, ROUBO (ART. 157) - OUTROS, SAMSUNG
byteoffset: 84519
875, 31/12/2019, 157, SUZANO, ROUBO (ART. 157) - VEICULO, SAMSUNG
byteoffset: 84653
989, 31/08/2020, 155, CARAPICUIBA, FURTO (ART. 155) - OUTROS, SAMSUNG
byteoffset: 84801
59, 30/11/2018, 155, NULO, FURTO (ART. 155) - OUTROS, SAMSUNG
byteoffset: 84860
byteoffset: 85178
byteoffset: 85247
932, 31/12/2019, 157, SANTO ANDRE, ROUBO (ART. 157) - RESIDENCIA, SAMSUNG
byteoffset: 85321
1483, 28/02/2021, 157, NULO, NULO, SAMSUNG
byteoffset: 85523
byteoffset: 85904
byteoffset: 85972
byteoffset: 86040
byteoffset: 86112
805, 01/01/2020, 157, PRAIA GRANDE, ROUBO (ART. 157) - TRANSEUNTE, SAMSUNG
byteoffset: 86187
1110, 09/01/2020, 155, REGENTE FEIJO, FURTO (ART. 155) - INTERIOR DE VEICULO, SAMSUNG
byteoffset: 86306
byteoffset: 86378
byteoffset: 86446
byteoffset: 86671
487, 31/01/2019, 155, TAUBATE, FURTO (ART. 155) - RESIDENCIA, SAMSUNG
byteoffset: 86991
byteoffset: 87236
byteoffset: 87446
1356, 28/02/2021, 157, GUARUJA, ROUBO (ART. 157) - VEICULO, SAMSUNG
byteoffset: 87513
byteoffset: 87649
byteoffset: 87936
1444, 28/02/2020, 157, TABOAO DA SERRA, ROUBO (ART. 157) - OUTROS, SAMSUNG
byteoffset: 88010
byteoffset: 88145
1059, 19/08/2020, 155, GUATAPARA, FURTO (ART. 155) - OUTROS, SAMSUNG
byteoffset: 88285
byteoffset: 88573
1475, 18/02/2021, 157, NULO, NULO, SAMSUNG
byteoffset: 88607
1221, 28/11/2021, 155, JAGUARIUNA, FURTO (ART. 155) - OUTROS, SAMSUNG
byteoffset: 88786
byteoffset: 88922
297, 30/04/2018, 157, MAUA, NULO, SAMSUNG
byteoffset: 89039
byteoffset: 89289
byteoffset: 89428
byteoffset: 89673
byteoffset: 89741
byteoffset: 89966
byteoffset: 90221
696, 09/01/2019, NULO, NULO, ROUBO (ART. 157) - TRANSEUNTE, SAMSUNG
byteoffset: 90318
byteoffset: 90387
283, 30/04/2018, 157, RIBEIRAO PRETO, NULO, SAMSUNG
byteoffset: 90505
byteoffset: 90772
byteoffset: 91022
1084, 29/08/2020, 155, OSASCO, FURTO (ART. 155) - OUTROS, SAMSUNG
byteoffset: 91159
519, 12/11/2018, 155, SANTO ANDRE, FURTO (ART. 155) - OUTROS, SAMSUNG
byteoffset: 91263
byteoffset: 91374
byteoffset: 91516
515, 02/01/2019, 155, CATANDUVA, FURTO (ART. 155) - INTERIOR DE VEICULO, SAMSUNG
byteoffset: 91931
42, 30/11/2018, 155, NULO, FURTO (ART. 155) - OUTROS, SAMSUNG
byteoffset: 91990
1489, 28/02/2021, 157, CAMPO LIMPO PAULISTA, ROUBO (ART. 157) - VEICULO, SAMSUNG
byteoffset: 92070
1506, 28/02/2021, 157, ITAQUAQUECETUBA, ROUBO (ART. 157) - VEICULO, SAMSUNG
byteoffset: 92213
byteoffset: 92294
byteoffset: 92898
124, 30/11/2018, 155, SAO JOSE DOS CAMPOS, NULO, SAMSUNG
byteoffset: 93205
byteoffset: 93450
byteoffset: 93518
byteoffset: 93695
888, 01/01/2020, 157, ARACATUBA, ROUBO (ART. 157) - OUTROS, SAMSUNG
byteoffset: 94017
516, 31/01/2019, 155, OSASCO, FURTO (ART. 155) - OUTROS, SAMSUNG
byteoffset: 94082
449, 31/01/2019, 155, JUNDIAI, FURTO (ART. 155) - OUTROS, SAMSUNG
byteoffset: 94216
byteoffset: 94439
1162, 29/11/2021, 155, OSASCO, FURTO (ART. 155) - OUTROS, SAMSUNG
byteoffset: 94504
byteoffset: 94576
byteoffset: 94713
byteoffset: 94781
byteoffset: 95085
1323, 27/11/2021, NULO, NULO, NULO, SAMSUNG
byteoffset: 95187
1177, 30/11/2021, 155, OSASCO, FURTO (ART. 155) - OUTROS, SAMSUNG
byteoffset: 95252
111, 12/01/2018, 155, JABOTICABAL, NULO, SAMSUNG
byteoffset: 95297
byteoffset: 95433
1482, 27/02/2021, 157, NULO, NULO, SAMSUNG
byteoffset: 95548
byteoffset: 95686
328, 30/04/2018, 157, DIADEMA, ROUBO (ART. 157) - VEICULO, SAMSUNG
byteoffset: 95753
572, 31/01/2019, 155, TATUI, FURTO (ART. 155) - TRANSEUNTE, SAMSUNG
byteoffset: 95821
byteoffset: 95889
573, 28/01/2019, 155, GUARULHOS, FURTO (ART. 155) - RESIDENCIA, SAMSUNG
byteoffset: 95961
byteoffset: 96029
byteoffset: 96250
byteoffset: 96463
751, 30/08/2019, 157, FERRAZ DE VASCONCELOS, ROUBO (ART. 157) - TRANSEUNTE, SAMSUNG
byteoffset: 96718
byteoffset: 96902
371, 05/01/2018, 157, CARAPICUIBA, ROUBO (ART. 157) - OUTROS, SAMSUNG
byteoffset: 96972
918, 01/01/2020, 157, FRANCO DA ROCHA, ROUBO (ART. 157) - TRANSEUNTE, SAMSUNG
byteoffset: 97441
32, 30/11/2018, 155, SANTO ANDRE, FURTO (ART. 155) - OUTROS, SAMSUNG
byteoffset: 97511
byteoffset: 97601
byteoffset: 97960
1405, 03/01/2021, 157, BAURU, ROUBO (ART. 157) - OUTROS, SAMSUNG
byteoffset: 98024
1334, 30/11/2021, NULO, NULO, NULO, SAMSUNG
byteoffset: 98127
1480, 25/02/2021, 157, NULO, NULO, SAMSUNG
byteoffset: 98231
506, 30/01/2019, 155, SANTO ANDRE, FURTO QUALIFICADO (ART. 155) - RESIDENCIA, SAMSUNG
byteoffset: 98415
1, 30/11/2018, 155, CAMPO LIMPO PAULISTA, FURTO (ART. 155) - INTERIOR DE VEICULO, SAMSUNG
byteoffset: 98609
byteoffset: 98825
byteoffset: 98897
854, 01/01/2020, 157, SANTOS, ROUBO (ART. 157) - OUTROS, SAMSUNG
byteoffset: 99132
byteoffset: 99204
byteoffset: 99276
1525, 26/02/2021, 157, CARAPICUIBA, ROUBO (ART. 157) - TRANSEUNTE, SAMSUNG
byteoffset: 99350
784, 31/12/2019, 157, NULO, NULO, SAMSUNG
byteoffset: 99645
byteoffset: 99966
byteoffset: 100047
355, 30/04/2018, 157, ARACARIGUAMA, ROUBO (ART. 157) - VEICULO, SAMSUNG
byteoffset: 100119
byteoffset: 100301
byteoffset: 100382
byteoffset: 100522
byteoffset: 100624
1140, 09/01/2020, 155, PEDERNEIRAS, FURTO (ART. 155) - OUTROS, SAMSUNG
byteoffset: 101158
byteoffset: 101366
1296, 28/11/2021, 155, OSASCO, FURTO (ART. 155) - OUTROS, SAMSUNG
byteoffset: 101431
194, 30/11/2018, NULO, MATAO, FURTO (ART. 155) - TRANSEUNTE, SAMSUNG
byteoffset: 101854
Resultado para a busca 6
Registro inexistente.
